[2026-01-29 00:40:59.147] =========================================
[2026-01-29 00:40:59.163] Starting The Grid C++ Backend...
[2026-01-29 00:40:59.171] =========================================
[2026-01-29 00:40:59.228] Server is listening on port 3000
[2026-01-29 09:07:53.491] =========================================
[2026-01-29 09:07:53.507] Starting The Grid C++ Backend...
[2026-01-29 09:07:53.508] =========================================
[2026-01-29 09:07:54.117] Server is listening on port 3000
[2026-01-29 09:08:06.426] [HTTP] Login Success: client
[2026-01-29 09:08:09.577] [WS] Client connected
[2026-01-29 09:08:10.397] [WS] User Authenticated: client
[2026-01-29 09:08:31.275] [MAP] Player client requesting map change: WorldMap0 -> Dungeon0
[2026-01-29 09:08:31.278] [MAP] Change success: client
[2026-01-29 09:08:34.362] [WS] ERROR: device or resource busy: device or resource busy
[2026-01-29 09:08:35.433] [WS] ERROR: device or resource busy: device or resource busy
[2026-01-29 09:08:35.957] [WS] ERROR: device or resource busy: device or resource busy
[2026-01-29 09:08:36.244] [WS] ERROR: device or resource busy: device or resource busy
[2026-01-29 09:08:36.480] [WS] ERROR: device or resource busy: device or resource busy
[2026-01-29 09:08:36.687] [WS] ERROR: device or resource busy: device or resource busy
[2026-01-29 09:08:40.357] [WS] Player disconnected: client
[2026-01-29 09:09:03.095] =========================================
[2026-01-29 09:09:03.097] Starting The Grid C++ Backend...
[2026-01-29 09:09:03.097] =========================================
[2026-01-29 09:09:03.107] Server is listening on port 3000
[2026-01-29 09:09:07.423] [HTTP] Login Success: admin
[2026-01-29 09:21:08.305] =========================================
[2026-01-29 09:21:08.309] Starting The Grid C++ Backend...
[2026-01-29 09:21:08.309] =========================================
[2026-01-29 09:21:14.380] =========================================
[2026-01-29 09:21:14.383] Starting The Grid C++ Backend...
[2026-01-29 09:21:14.383] =========================================
[2026-01-29 09:21:33.020] =========================================
[2026-01-29 09:21:33.022] Starting The Grid C++ Backend...
[2026-01-29 09:21:33.022] =========================================
[2026-01-29 09:22:21.858] =========================================
[2026-01-29 09:22:21.861] Starting The Grid C++ Backend...
[2026-01-29 09:22:21.861] =========================================
[2026-01-29 09:22:21.874] Server is listening on port 3000
[2026-01-29 09:22:30.956] [HTTP] Login Success: client
[2026-01-29 09:22:34.348] [WS] Client connected
[2026-01-29 09:22:35.160] [WS] User Authenticated: client
[2026-01-29 09:22:41.428] [MAP] Player client requesting map change: WorldMap0 -> Dungeon0
[2026-01-29 09:22:41.429] [MAP] Change success: client
[2026-01-29 09:30:12.777] =========================================
[2026-01-29 09:30:12.782] Starting The Grid C++ Backend...
[2026-01-29 09:30:12.782] =========================================
[2026-01-29 09:30:12.799] Server is listening on port 3000
[2026-01-29 09:30:19.574] [HTTP] Login Success: client
[2026-01-29 09:30:21.849] [WS] Client connected
[2026-01-29 09:30:22.715] [WS] User Authenticated: client
[2026-01-29 09:30:28.863] [MAP] Player client requesting map change: WorldMap0 -> Dungeon0
[2026-01-29 09:30:28.863] [MAP] Change success: client
[2026-01-29 09:33:42.386] =========================================
[2026-01-29 09:33:42.389] Starting The Grid C++ Backend...
[2026-01-29 09:33:42.389] =========================================
[2026-01-29 09:33:42.400] Server is listening on port 3000
[2026-01-29 09:33:47.606] [HTTP] Login Success: client
[2026-01-29 09:33:50.186] [WS] Client connected
[2026-01-29 09:33:51.083] [WS] User Authenticated: client
[2026-01-29 09:33:56.730] [MAP] Player client requesting map change: WorldMap0 -> Dungeon0
[2026-01-29 09:33:56.732] [MAP] Change success: client
[2026-01-29 09:34:21.605] [MAP] Player client requesting map change: Dungeon0 -> WorldMap0
[2026-01-29 09:34:21.606] [MAP] Change success: client
[2026-01-29 09:34:30.772] [MAP] Player client requesting map change: WorldMap0 -> Arena0
[2026-01-29 09:34:30.773] [MAP] Change success: client
[2026-01-29 09:39:34.311] =========================================
[2026-01-29 09:39:34.313] Starting The Grid C++ Backend...
[2026-01-29 09:39:34.314] =========================================
[2026-01-29 09:39:34.325] Server is listening on port 3000
[2026-01-29 09:39:39.499] [HTTP] Login Success: client
[2026-01-29 09:39:42.474] [WS] Client connected
[2026-01-29 09:39:43.252] [WS] User Authenticated: client
[2026-01-29 09:39:49.322] [MAP] Player client requesting map change: WorldMap0 -> Dungeon0
[2026-01-29 09:39:49.322] [MAP] Change success: client
[2026-01-29 09:40:12.005] [MAP] Player client requesting map change: Dungeon0 -> WorldMap0
[2026-01-29 09:40:12.006] [MAP] Change success: client
[2026-01-29 09:40:20.996] [MAP] Player client requesting map change: WorldMap0 -> Arena0
[2026-01-29 09:40:20.996] [MAP] Change success: client
[2026-01-29 09:42:30.685] [LEVEL] Fheen ist jetzt Level 25!
[2026-01-29 09:42:42.614] [MAP] Player client requesting map change: Arena0 -> WorldMap0
[2026-01-29 09:42:42.614] [MAP] Change success: client
[2026-01-29 09:47:03.609] =========================================
[2026-01-29 09:47:03.617] Starting The Grid C++ Backend...
[2026-01-29 09:47:03.620] =========================================
[2026-01-29 09:47:03.661] Server is listening on port 3000
[2026-01-29 09:47:16.100] [HTTP] Login Success: client
[2026-01-29 09:47:18.525] [WS] Client connected
[2026-01-29 09:47:19.327] [WS] User Authenticated: client
[2026-01-29 09:47:32.906] [MAP] Player client requesting map change: WorldMap0 -> Dungeon0
[2026-01-29 09:47:32.912] [MAP] Change success: client
[2026-01-29 09:48:00.542] [MAP] Player client requesting map change: Dungeon0 -> WorldMap0
[2026-01-29 09:48:00.542] [MAP] Change success: client
[2026-01-29 09:48:05.404] [MAP] Player client requesting map change: WorldMap0 -> Arena0
[2026-01-29 09:48:05.409] [MAP] Change success: client
[2026-01-29 09:48:28.047] [MAP] Player client requesting map change: Arena0 -> WorldMap0
[2026-01-29 09:48:28.047] [MAP] Change success: client
[2026-01-29 09:50:21.639] [WS] Player disconnected: client
[2026-01-29 09:56:34.584] =========================================
[2026-01-29 09:56:34.588] Starting The Grid C++ Backend...
[2026-01-29 09:56:34.588] =========================================
[2026-01-29 09:56:34.605] Server is listening on port 3000
[2026-01-29 09:56:55.592] [HTTP] Login Success: client
[2026-01-29 09:58:43.168] [HTTP] Login Success: client
[2026-01-29 09:58:47.772] [WS] Client connected
[2026-01-29 09:58:48.640] [WS] User Authenticated: client
[2026-01-29 09:58:59.940] [MAP] Player client requesting map change: WorldMap0 -> Dungeon0
[2026-01-29 09:58:59.940] [MAP] Change success: client
[2026-01-29 10:00:52.892] [WS] Player disconnected: client
[2026-01-29 10:01:00.498] [HTTP] Login Success: client
[2026-01-29 10:01:25.031] [HTTP] Login Success: client
[2026-01-29 10:01:29.821] [WS] Client connected
[2026-01-29 10:01:30.733] [WS] User Authenticated: client
[2026-01-29 10:01:38.716] [MAP] Player client requesting map change: WorldMap0 -> Dungeon0
[2026-01-29 10:01:38.908] [MAP] Change success: client
[2026-01-29 10:03:30.565] =========================================
[2026-01-29 10:03:30.568] Starting The Grid C++ Backend...
[2026-01-29 10:03:30.568] =========================================
[2026-01-29 10:03:30.707] Server is listening on port 3000
[2026-01-29 10:03:31.039] [HTTP] Login Success: client
[2026-01-29 10:03:39.406] [WS] Client connected
[2026-01-29 10:03:40.263] [WS] User Authenticated: client
[2026-01-29 10:03:46.254] [MAP] Player client requesting map change: WorldMap0 -> Dungeon0
[2026-01-29 10:03:46.255] [MAP] Change success: client
[2026-01-29 10:06:23.154] [WS] Player disconnected: client
[2026-01-29 10:10:50.157] =========================================
[2026-01-29 10:10:50.162] Starting The Grid C++ Backend...
[2026-01-29 10:10:50.163] =========================================
[2026-01-29 10:10:50.196] Server is listening on port 3000
[2026-01-29 10:11:04.507] [HTTP] Login Success: client
[2026-01-29 10:11:08.665] [WS] Client connected
[2026-01-29 10:11:09.486] [WS] User Authenticated: client
[2026-01-29 10:11:15.237] [MAP] Player client requesting map change: WorldMap0 -> Dungeon0
[2026-01-29 10:11:15.237] [MAP] Change success: client
[2026-01-29 10:11:36.452] [MAP] Player client requesting map change: Dungeon0 -> WorldMap0
[2026-01-29 10:11:36.453] [MAP] Change success: client
[2026-01-29 10:11:43.636] [MAP] Player client requesting map change: WorldMap0 -> Arena0
[2026-01-29 10:11:43.637] [MAP] Change success: client
[2026-01-29 10:12:43.872] [MAP] Player client requesting map change: Arena0 -> WorldMap0
[2026-01-29 10:12:43.872] [MAP] Change success: client
[2026-01-29 10:13:28.427] [WS] Player disconnected: client
[2026-01-29 10:15:41.560] =========================================
[2026-01-29 10:15:41.562] Starting The Grid C++ Backend...
[2026-01-29 10:15:41.564] =========================================
[2026-01-29 10:15:41.600] Server is listening on port 3000
[2026-01-29 10:15:56.546] [HTTP] Login Success: client
[2026-01-29 10:16:01.499] [WS] Client connected
[2026-01-29 10:16:02.292] [WS] User Authenticated: client
[2026-01-29 10:16:13.624] [MAP] Player client requesting map change: WorldMap0 -> Dungeon0
[2026-01-29 10:16:13.625] [MAP] Change success: client
[2026-01-29 10:16:39.252] [MAP] Player client requesting map change: Dungeon0 -> WorldMap0
[2026-01-29 10:16:39.254] [MAP] Change success: client
[2026-01-29 10:16:51.819] [MAP] Player client requesting map change: WorldMap0 -> Dungeon0
[2026-01-29 10:16:51.821] [MAP] Change success: client
[2026-01-29 10:17:25.453] [MAP] Player client requesting map change: Dungeon0 -> WorldMap0
[2026-01-29 10:17:25.454] [MAP] Change success: client
[2026-01-29 10:20:18.388] [WS] Player disconnected: client
[2026-01-29 10:22:25.490] [HTTP] Login Success: client
[2026-01-29 10:22:29.085] [WS] Client connected
[2026-01-29 10:22:29.873] [WS] User Authenticated: client
[2026-01-29 10:24:15.877] [WS] Player disconnected: client
[2026-01-29 10:38:19.749] =========================================
[2026-01-29 10:38:19.751] Starting The Grid C++ Backend...
[2026-01-29 10:38:19.752] =========================================
[2026-01-29 10:38:19.767] Server is listening on port 3000
[2026-01-29 10:38:33.911] [HTTP] Login Success: client
[2026-01-29 10:38:37.780] [WS] Client connected
[2026-01-29 10:38:38.621] [WS] User Authenticated: client
[2026-01-29 10:38:48.347] [LOGOUT] Request from client (10s timer)
[2026-01-29 10:38:54.674] [LOGOUT] Request from client (10s timer)
[2026-01-29 10:39:04.749] [LOGOUT] Completed for client
[2026-01-29 10:39:04.826] [WS] Player disconnected: client
[2026-01-29 10:47:36.036] [HTTP] Login Success: client
[2026-01-29 10:47:39.195] [WS] Client connected
[2026-01-29 10:47:39.961] [WS] User Authenticated: client
[2026-01-29 10:48:04.352] [WS] Player disconnected: client
[2026-01-29 10:50:25.381] [HTTP] Login Success: client
[2026-01-29 10:52:15.806] [HTTP] Login Success: client
[2026-01-29 10:52:18.677] [WS] Client connected
[2026-01-29 10:52:19.456] [WS] User Authenticated: client
[2026-01-29 10:54:12.842] [WS] Player disconnected: client
[2026-01-29 10:54:17.781] [HTTP] Login Success: client
[2026-01-29 10:54:20.959] [WS] Client connected
[2026-01-29 10:54:21.731] [WS] User Authenticated: client
[2026-01-29 10:54:33.489] [MAP] Player client requesting map change: WorldMap0 -> Dungeon0
[2026-01-29 10:54:33.490] [MAP] Change success: client
[2026-01-29 10:58:09.946] =========================================
[2026-01-29 10:58:09.950] Starting The Grid C++ Backend...
[2026-01-29 10:58:09.951] =========================================
[2026-01-29 10:58:09.988] Server is listening on port 3000
[2026-01-29 11:01:41.630] =========================================
[2026-01-29 11:01:41.633] Starting The Grid C++ Backend...
[2026-01-29 11:01:41.633] =========================================
[2026-01-29 11:01:41.652] Server is listening on port 3000
[2026-01-29 11:03:01.247] =========================================
[2026-01-29 11:03:01.249] Starting The Grid C++ Backend...
[2026-01-29 11:03:01.249] =========================================
[2026-01-29 11:03:01.268] Server is listening on port 3000
[2026-01-29 11:03:16.755] [HTTP] Login Success: client
[2026-01-29 11:03:21.310] [WS] Client connected
[2026-01-29 11:03:22.175] [WS] User Authenticated: client
[2026-01-29 11:03:36.235] [MAP] Player client requesting map change: WorldMap0 -> Dungeon0
[2026-01-29 11:03:36.236] [MAP] Change success: client
[2026-01-29 11:04:41.660] [MAP] Player client requesting map change: Dungeon0 -> WorldMap0
[2026-01-29 11:04:41.665] [MAP] Change success: client
[2026-01-29 11:15:17.588] [WS] Player disconnected: client
[2026-01-29 11:17:24.316] =========================================
[2026-01-29 11:17:24.318] Starting The Grid C++ Backend...
[2026-01-29 11:17:24.318] =========================================
[2026-01-29 11:17:24.331] Server is listening on port 3000
[2026-01-29 11:17:47.603] [HTTP] Login Success: client
[2026-01-29 11:17:51.850] [WS] Client connected
[2026-01-29 11:17:52.652] [WS] User Authenticated: client
[2026-01-29 11:18:04.163] [WS] Player disconnected: client
[2026-01-29 11:18:28.924] [HTTP] Login Success: client
[2026-01-29 11:18:38.299] [HTTP] Login Success: admin
[2026-01-29 11:18:43.636] [WS] Client connected
[2026-01-29 11:18:44.491] [WS] User Authenticated: admin
[2026-01-29 11:18:56.854] [WS] Client connected
[2026-01-29 11:18:57.724] [WS] User Authenticated: client
[2026-01-29 11:22:56.126] [WS] Player disconnected: client
[2026-01-29 11:23:25.890] [WS] Player disconnected: admin
[2026-01-29 11:23:46.265] [HTTP] Login Success: admin
[2026-01-29 11:23:50.381] [WS] Client connected
[2026-01-29 11:23:51.207] [WS] User Authenticated: admin
[2026-01-29 11:24:00.247] [HTTP] Login Success: client
[2026-01-29 11:24:06.215] [WS] Client connected
[2026-01-29 11:24:07.184] [WS] User Authenticated: client
[2026-01-29 11:26:05.458] [MAP] Player admin requesting map change: WorldMap0 -> Arena0
[2026-01-29 11:26:05.459] [MAP] Change success: admin
[2026-01-29 11:26:34.527] [MAP] Player admin requesting map change: Arena0 -> WorldMap0
[2026-01-29 11:26:34.528] [MAP] Change success: admin
[2026-01-29 11:26:56.567] [WS] Player disconnected: admin
[2026-01-29 11:26:57.923] [WS] Player disconnected: client
[2026-01-29 11:32:37.648] =========================================
[2026-01-29 11:32:37.650] Starting The Grid C++ Backend...
[2026-01-29 11:32:37.650] =========================================
[2026-01-29 11:32:37.663] Server is listening on port 3000
[2026-01-29 11:33:26.274] [HTTP] Login Success: client
[2026-01-29 11:33:30.698] [WS] Client connected
[2026-01-29 11:33:31.530] [WS] User Authenticated: client
[2026-01-29 11:33:42.637] [HTTP] Login Success: admin
[2026-01-29 11:33:47.496] [WS] Client connected
[2026-01-29 11:33:48.444] [WS] User Authenticated: admin
[2026-01-29 11:34:57.528] [MAP] Player client requesting map change: WorldMap0 -> Dungeon0
[2026-01-29 11:34:57.536] [MAP] Change success: client
[2026-01-29 11:35:10.054] [MAP] Player admin requesting map change: WorldMap0 -> Dungeon0
[2026-01-29 11:35:10.056] [MAP] Change success: admin
[2026-01-29 11:38:07.537] [WS] Player disconnected: admin
[2026-01-29 11:38:10.383] [WS] Player disconnected: client
[2026-01-29 11:38:22.766] [HTTP] Login Success: admin
[2026-01-29 11:38:26.342] [WS] Client connected
[2026-01-29 11:38:27.196] [WS] User Authenticated: admin
[2026-01-29 11:38:46.432] [HTTP] Login Success: client
[2026-01-29 11:38:50.613] [WS] Client connected
[2026-01-29 11:38:51.631] [WS] User Authenticated: client
[2026-01-29 11:39:54.306] [MAP] Player client requesting map change: WorldMap0 -> Dungeon0
[2026-01-29 11:39:54.307] [MAP] Change success: client
[2026-01-29 11:40:26.963] [MAP] Player client requesting map change: Dungeon0 -> WorldMap0
[2026-01-29 11:40:26.964] [MAP] Change success: client
[2026-01-29 11:42:08.325] [WS] Player disconnected: client
[2026-01-29 11:42:10.457] [WS] Player disconnected: admin
[2026-01-29 11:42:20.530] [HTTP] Login Success: client
[2026-01-29 11:42:24.324] [WS] Client connected
[2026-01-29 11:42:25.125] [WS] User Authenticated: client
[2026-01-29 11:42:34.189] [HTTP] Login Success: admin
[2026-01-29 11:42:38.001] [WS] Client connected
[2026-01-29 11:42:39.145] [WS] User Authenticated: admin
[2026-01-29 11:43:46.317] [WS] Player disconnected: admin
[2026-01-29 11:43:47.734] [WS] Player disconnected: client
[2026-01-29 11:44:36.723] [HTTP] Login Success: admin
[2026-01-29 11:44:39.870] [WS] Client connected
[2026-01-29 11:44:40.672] [WS] User Authenticated: admin
[2026-01-29 11:44:46.191] [HTTP] Login Success: client
[2026-01-29 11:44:49.292] [WS] Client connected
[2026-01-29 11:44:50.276] [WS] User Authenticated: client
[2026-01-29 11:45:28.544] [MAP] Player client requesting map change: WorldMap0 -> Dungeon0
[2026-01-29 11:45:28.555] [MAP] Change success: client
[2026-01-29 11:45:59.124] [MAP] Player client requesting map change: Dungeon0 -> WorldMap0
[2026-01-29 11:45:59.124] [MAP] Change success: client
[2026-01-29 12:11:00.683] [MAP] Player admin requesting map change: WorldMap0 -> Dungeon0
[2026-01-29 12:11:00.685] [MAP] Change success: admin
[2026-01-29 12:11:48.889] [LEVEL] Xheen ist jetzt Level 3!
[2026-01-29 12:12:00.069] [MAP] Player admin requesting map change: Dungeon0 -> WorldMap0
[2026-01-29 12:12:00.073] [MAP] Change success: admin
[2026-01-29 12:19:42.548] [LOGOUT] Request from client (10s timer)
[2026-01-29 12:20:16.903] [LOGOUT] Request from client (10s timer)
[2026-01-29 12:20:26.964] [LOGOUT] Completed for client
[2026-01-29 12:20:27.238] [WS] Player disconnected: client
[2026-01-29 12:21:14.791] [WS] Player disconnected: admin
[2026-01-29 12:22:09.010] =========================================
[2026-01-29 12:22:09.012] Starting The Grid C++ Backend...
[2026-01-29 12:22:09.012] =========================================
[2026-01-29 12:22:09.030] Server is listening on port 3000
[2026-01-29 15:52:35.286] =========================================
[2026-01-29 15:52:35.290] Starting The Grid C++ Backend...
[2026-01-29 15:52:35.291] =========================================
[2026-01-29 15:52:35.309] Server is listening on port 3000
[2026-01-29 15:53:14.114] [HTTP] Login Success: client
[2026-01-29 15:53:17.701] [WS] Client connected
[2026-01-29 15:53:18.514] [WS] User Authenticated: client
[2026-01-29 15:53:31.248] [WS] Player disconnected: client
[2026-01-29 15:53:40.782] [HTTP] Login Success: client
[2026-01-29 15:53:51.366] [HTTP] Login Success: admin
[2026-01-29 15:53:55.210] [WS] Client connected
[2026-01-29 15:53:56.038] [WS] User Authenticated: admin
[2026-01-29 15:54:08.624] [WS] Client connected
[2026-01-29 15:54:09.490] [WS] User Authenticated: client
[2026-01-29 15:58:39.627] [WS] Player disconnected: admin
[2026-01-29 15:58:42.207] [WS] Player disconnected: client
[2026-01-29 15:58:54.073] [HTTP] Login Success: admin
[2026-01-29 15:58:58.015] [WS] Client connected
[2026-01-29 15:58:58.815] [WS] User Authenticated: admin
[2026-01-29 15:59:06.331] [HTTP] Login Success: client
[2026-01-29 15:59:11.720] [WS] Client connected
[2026-01-29 15:59:12.646] [WS] User Authenticated: client
[2026-01-29 16:01:39.157] [WS] Player disconnected: client
[2026-01-29 16:01:41.216] [WS] Player disconnected: admin
[2026-01-29 16:01:59.937] [HTTP] Login Success: client
[2026-01-29 16:02:03.308] [WS] Client connected
[2026-01-29 16:02:04.126] [WS] User Authenticated: client
[2026-01-29 16:02:14.143] [HTTP] Login Success: admin
[2026-01-29 16:02:18.764] [WS] Client connected
[2026-01-29 16:02:19.653] [WS] User Authenticated: admin
[2026-01-29 16:03:11.009] [WS] Player disconnected: admin
[2026-01-29 16:03:12.543] [WS] Player disconnected: client
[2026-01-29 16:08:55.490] =========================================
[2026-01-29 16:08:55.499] Starting The Grid C++ Backend...
[2026-01-29 16:08:55.500] =========================================
[2026-01-29 16:08:55.530] Server is listening on port 3000
[2026-01-29 16:10:24.057] [HTTP] Login Success: admin
[2026-01-29 16:10:27.654] [WS] Client connected
[2026-01-29 16:10:28.504] [WS] User Authenticated: admin
[2026-01-29 16:12:12.186] =========================================
[2026-01-29 16:12:12.253] Starting The Grid C++ Backend...
[2026-01-29 16:12:12.254] =========================================
[2026-01-29 16:12:12.305] Server is listening on port 3000
[2026-01-29 16:12:18.801] [HTTP] Login Success: admin
[2026-01-29 16:12:23.876] [WS] Client connected
[2026-01-29 16:12:24.700] [WS] User Authenticated: admin
[2026-01-29 16:25:55.387] =========================================
[2026-01-29 16:25:55.423] Starting The Grid C++ Backend...
[2026-01-29 16:25:55.431] =========================================
[2026-01-29 16:25:56.428] Server is listening on port 3000
[2026-01-29 16:30:31.798] =========================================
[2026-01-29 16:30:31.800] Starting The Grid C++ Backend...
[2026-01-29 16:30:31.800] =========================================
[2026-01-29 16:30:31.812] Server is listening on port 3000
[2026-01-29 16:33:11.674] [HTTP] Login Success: admin
[2026-01-29 16:33:15.292] [WS] Client connected
[2026-01-29 16:33:16.122] [WS] User Authenticated: admin
[2026-01-29 16:34:23.172] [HTTP] Login Success: client
[2026-01-29 16:34:29.314] [WS] Client connected
[2026-01-29 16:34:30.353] [WS] User Authenticated: client
[2026-01-29 16:44:00.408] =========================================
[2026-01-29 16:44:00.486] Starting The Grid C++ Backend...
[2026-01-29 16:44:00.842] =========================================
[2026-01-29 16:44:02.628] Server is listening on port 3000
[2026-01-29 16:44:51.814] [HTTP] Login Success: client
[2026-01-29 16:44:55.221] [WS] Client connected
[2026-01-29 16:44:56.099] [WS] User Authenticated: client
[2026-01-29 16:45:04.296] [HTTP] Login Success: admin
[2026-01-29 16:45:06.983] [WS] Client connected
[2026-01-29 16:45:08.170] [WS] User Authenticated: admin
[2026-01-29 16:47:22.873] [WS] Player disconnected: client
[2026-01-29 16:47:25.465] [WS] Player disconnected: admin
[2026-01-29 16:47:39.627] [HTTP] Login Success: admin
[2026-01-29 16:47:44.969] [WS] Client connected
[2026-01-29 16:47:45.777] [WS] User Authenticated: admin
[2026-01-29 16:47:54.534] [HTTP] Login Success: client
[2026-01-29 16:47:59.810] [WS] Client connected
[2026-01-29 16:48:01.103] [WS] User Authenticated: client
[2026-01-29 16:50:51.280] [WS] Player disconnected: client
[2026-01-29 16:50:53.688] [WS] Player disconnected: admin
[2026-01-29 16:51:16.925] [HTTP] Login Success: client
[2026-01-29 16:51:21.739] [WS] Client connected
[2026-01-29 16:51:22.580] [WS] User Authenticated: client
[2026-01-29 16:51:27.276] [HTTP] Login Success: admin
[2026-01-29 16:51:41.200] [WS] Client connected
[2026-01-29 16:51:42.362] [WS] User Authenticated: admin
[2026-01-29 16:56:56.288] [WS] Player disconnected: admin
[2026-01-29 16:57:01.373] [WS] Player disconnected: client
[2026-01-29 16:57:15.668] [HTTP] Login Success: admin
[2026-01-29 16:57:20.003] [WS] Client connected
[2026-01-29 16:57:20.856] [WS] User Authenticated: admin
[2026-01-29 16:57:26.381] [HTTP] Login Success: client
[2026-01-29 16:57:30.872] [WS] Client connected
[2026-01-29 16:57:31.785] [WS] User Authenticated: client
[2026-01-29 17:02:13.221] [WS] Player disconnected: admin
[2026-01-29 17:02:18.766] [WS] Player disconnected: client
[2026-01-29 17:02:30.075] [HTTP] Login Success: client
[2026-01-29 17:02:33.758] [WS] Client connected
[2026-01-29 17:02:34.613] [WS] User Authenticated: client
[2026-01-29 17:02:42.049] [HTTP] Login Success: admin
[2026-01-29 17:02:46.035] [WS] Client connected
[2026-01-29 17:02:47.108] [WS] User Authenticated: admin
[2026-01-29 17:08:31.129] =========================================
[2026-01-29 17:08:31.153] Starting The Grid C++ Backend...
[2026-01-29 17:08:31.237] =========================================
[2026-01-29 17:08:31.494] Server is listening on port 3000
[2026-01-29 17:09:14.822] [HTTP] Login Success: admin
[2026-01-29 17:09:19.012] [WS] Client connected
[2026-01-29 17:09:19.832] [WS] User Authenticated: admin
[2026-01-29 17:10:06.597] [HTTP] Login Success: client
[2026-01-29 17:10:12.136] [WS] Client connected
[2026-01-29 17:10:13.105] [WS] User Authenticated: client
[2026-01-29 17:11:27.909] [WS] Player disconnected: admin
[2026-01-29 17:24:10.024] [WS] Player disconnected: client
[2026-01-29 17:24:42.544] =========================================
[2026-01-29 17:24:42.546] Starting The Grid C++ Backend...
[2026-01-29 17:24:42.547] =========================================
[2026-01-29 17:24:42.561] Server is listening on port 3000
[2026-01-29 17:25:25.413] [HTTP] Login Success: client
[2026-01-29 17:25:29.912] [WS] Client connected
[2026-01-29 17:25:30.707] [WS] Created new Player object for: client
[2026-01-29 17:25:30.714] [WS] User Authenticated: client
[2026-01-29 17:25:38.977] [HTTP] Login Success: admin
[2026-01-29 17:25:43.751] [WS] Client connected
[2026-01-29 17:25:44.702] [WS] Created new Player object for: admin
[2026-01-29 17:25:44.713] [WS] User Authenticated: admin
[2026-01-29 17:26:25.855] [WS] Player offline (kept in memory): admin
[2026-01-29 17:26:40.020] [WS] Player offline (kept in memory): client
[2026-01-29 17:26:49.464] [HTTP] Login Success: admin
[2026-01-29 17:26:54.391] [WS] Client connected
[2026-01-29 17:26:55.211] [WS] Reusing existing Player object for: admin
[2026-01-29 17:26:55.223] [WS] User Authenticated: admin
[2026-01-29 17:27:04.491] [HTTP] Login Success: client
[2026-01-29 17:27:10.202] [WS] Client connected
[2026-01-29 17:27:11.573] [WS] Reusing existing Player object for: client
[2026-01-29 17:27:11.600] [WS] User Authenticated: client
[2026-01-29 17:39:38.756] =========================================
[2026-01-29 17:39:38.762] Starting The Grid C++ Backend...
[2026-01-29 17:39:38.763] =========================================
[2026-01-29 17:39:38.794] Server is listening on port 3000
[2026-01-29 17:40:06.925] [HTTP] Login Success: client
[2026-01-29 17:40:11.742] [WS] Client connected
[2026-01-29 17:40:12.536] [WS] Created new Player object for: client
[2026-01-29 17:40:12.548] [WS] User Authenticated: client
[2026-01-29 17:40:16.514] [HTTP] Login Success: admin
[2026-01-29 17:40:24.150] [WS] Client connected
[2026-01-29 17:40:25.000] [WS] Created new Player object for: admin
[2026-01-29 17:40:25.010] [WS] User Authenticated: admin
[2026-01-29 17:41:05.308] [MAP] Player admin requesting map change: WorldMap0 -> Dungeon0
[2026-01-29 17:41:05.309] [MAP] Change success: admin
[2026-01-29 17:44:14.657] [MAP] Player admin requesting map change: Dungeon0 -> WorldMap0
[2026-01-29 17:44:14.676] [MAP] Change success: admin
[2026-01-29 17:44:34.632] [WS] Player offline (kept in memory): admin
[2026-01-29 17:45:04.000] [MAP] Player client requesting map change: WorldMap0 -> Dungeon0
[2026-01-29 17:45:04.000] [MAP] Change success: client
[2026-01-29 17:46:29.355] [MAP] Player client requesting map change: Dungeon0 -> WorldMap0
[2026-01-29 17:46:29.355] [MAP] Change success: client
[2026-01-29 17:55:35.320] =========================================
[2026-01-29 17:55:35.354] Starting The Grid C++ Backend...
[2026-01-29 17:55:35.368] =========================================
[2026-01-29 17:55:35.550] Server is listening on port 3000
[2026-01-29 18:05:34.322] [HTTP] Login Success: admin
[2026-01-29 18:05:38.688] [WS] Client connected
[2026-01-29 18:05:39.528] [WS] Created new Player object for: admin
[2026-01-29 18:05:39.537] [WS] User Authenticated: admin
[2026-01-29 18:05:51.608] [MAP] Player admin requesting map change: WorldMap0 -> Dungeon0
[2026-01-29 18:05:51.609] [MAP] Change success: admin
[2026-01-29 18:06:20.538] [MAP] Player admin requesting map change: Dungeon0 -> WorldMap0
[2026-01-29 18:06:20.545] [MAP] Change success: admin
[2026-01-29 18:06:27.040] [MAP] Player admin requesting map change: WorldMap0 -> Arena0
[2026-01-29 18:06:27.043] [MAP] Change success: admin
[2026-01-29 18:09:04.345] [LEVEL] Xheen ist jetzt Level 61!
[2026-01-29 18:10:02.496] [MAP] Player admin requesting map change: Arena0 -> WorldMap0
[2026-01-29 18:10:02.497] [MAP] Change success: admin
[2026-01-29 18:14:40.496] =========================================
[2026-01-29 18:14:40.514] Starting The Grid C++ Backend...
[2026-01-29 18:14:40.524] =========================================
[2026-01-29 18:14:40.824] Server is listening on port 3000
[2026-01-29 18:15:02.748] [HTTP] Login Success: admin
[2026-01-29 18:15:06.617] [WS] Client connected
[2026-01-29 18:15:07.500] [WS] Created new Player object for: admin
[2026-01-29 18:15:07.502] [WS] User Authenticated: admin
[2026-01-29 18:15:16.873] [LOGOUT] Request from admin (10s timer)
[2026-01-29 18:15:26.909] [LOGOUT] Completed for admin
[2026-01-29 18:15:33.176] [WS] Reusing existing Player object for: admin
[2026-01-29 18:15:33.186] [WS] User Authenticated: admin
[2026-01-29 18:36:29.203] =========================================
[2026-01-29 18:36:29.217] Starting The Grid C++ Backend...
[2026-01-29 18:36:29.229] =========================================
[2026-01-29 18:36:29.638] Server is listening on port 3000
[2026-01-29 18:37:09.494] [HTTP] Login Success: admin
[2026-01-29 18:37:12.576] [WS] Client connected
[2026-01-29 18:37:13.450] [WS] Created new Player object for: admin
[2026-01-29 18:37:13.497] [WS] User Authenticated: admin
[2026-01-29 18:37:22.350] [WS] Player offline (kept in memory): admin
[2026-01-29 18:37:27.713] [HTTP] Login Success: admin
[2026-01-29 18:37:31.953] [WS] Client connected
[2026-01-29 18:37:32.834] [WS] Reusing existing Player object for: admin
[2026-01-29 18:37:32.838] [WS] User Authenticated: admin
[2026-01-29 18:37:40.891] [WS] Player offline (kept in memory): admin
[2026-01-29 18:37:52.017] [HTTP] Login Success: admin
[2026-01-29 18:38:02.957] [WS] Client connected
[2026-01-29 18:38:03.798] [WS] Reusing existing Player object for: admin
[2026-01-29 18:38:03.873] [WS] User Authenticated: admin
[2026-01-29 18:43:55.049] =========================================
[2026-01-29 18:43:55.101] Starting The Grid C++ Backend...
[2026-01-29 18:43:55.130] =========================================
[2026-01-29 18:43:55.153] [DB] WARNING: Could not open database file for loading: C:/Users/xheen908/Documents/thegrid_backend_c/db_persistence.json
[2026-01-29 18:43:55.171] [DB] Initializing default data...
[2026-01-29 18:43:55.249] [DB] Successfully saved data to: C:/Users/xheen908/Documents/thegrid_backend_c/db_persistence.json
[2026-01-29 18:43:56.126] Server is listening on port 3000
[2026-01-29 18:44:05.159] [HTTP] Login Success: admin
[2026-01-29 18:44:08.424] [WS] Client connected
[2026-01-29 18:44:09.369] [WS] Created new Player object for: admin
[2026-01-29 18:44:09.369] [WS] User Authenticated: admin
[2026-01-29 18:48:00.826] =========================================
[2026-01-29 18:48:00.829] Starting The Grid C++ Backend...
[2026-01-29 18:48:00.829] =========================================
[2026-01-29 18:48:00.831] [DB] Loaded data from: C:/Users/xheen908/Documents/thegrid_backend_c/db_persistence.json
[2026-01-29 18:48:00.860] Server is listening on port 3000
[2026-01-29 18:48:20.493] [HTTP] Login Success: admin
[2026-01-29 18:48:22.837] [WS] Client connected
[2026-01-29 18:48:23.792] [WS] Created new Player object for: admin
[2026-01-29 18:48:23.792] [WS] User Authenticated: admin
[2026-01-29 18:48:57.556] [MAP] Player admin requesting map change: Arena0 -> WorldMap0
[2026-01-29 18:48:57.557] [MAP] Change success: admin
[2026-01-29 18:52:58.039] =========================================
[2026-01-29 18:52:58.043] Starting The Grid C++ Backend...
[2026-01-29 18:52:58.057] =========================================
[2026-01-29 18:52:58.058] [DB] Loaded data from: C:/Users/xheen908/Documents/thegrid_backend_c/db_persistence.json
[2026-01-29 18:52:58.807] Server is listening on port 3000
